<?xml version="1.0" encoding="UTF-8"?>
<!-- Generated by org.testng.reporters.JUnitXMLReporter -->
<testsuite ignored="0" hostname="SHANJU-SAM" failures="1" tests="2" name="chromeTest" time="45.239" errors="0" timestamp="2022-09-16T14:35:10 IST">
  <testcase classname="testCases.TC_001_AccountRegistration" name="AccountRegistration" time="4.505"/>
  <testcase classname="testCases.TC_002_LoginTest" name="LoginTest" time="31.404">
    <failure type="java.lang.AssertionError" message="expected [true] but found [false]">
      <![CDATA[java.lang.AssertionError: expected [true] but found [false]
at testCases.TC_002_LoginTest.LoginTest(TC_002_LoginTest.java:38)
at java.base/java.util.ArrayList.forEach(ArrayList.java:1511)
... Removed 33 stack frames]]>
    </failure>
  </testcase> <!-- LoginTest -->
</testsuite> <!-- chromeTest -->
